<?xml version="1.0" encoding="UTF-8"?>
<testng-results ignored="0" total="3" passed="3" failed="0" skipped="0">
  <reporter-output>
  </reporter-output>
  <suite started-at="2019-07-21T08:36:26Z" name="Default suite" finished-at="2019-07-21T08:37:22Z" duration-ms="56783">
    <groups>
    </groups>
    <test started-at="2019-07-21T08:36:26Z" name="Default test" finished-at="2019-07-21T08:37:22Z" duration-ms="56783">
      <class name="com.crm.qa.test.HomePageTest">
        <test-method is-config="true" signature="setup()[pri:0, instance:com.crm.qa.test.HomePageTest@13acb0d1]" started-at="2019-07-21T08:36:26Z" name="setup" finished-at="2019-07-21T08:36:43Z" duration-ms="17816" status="PASS">
          <reporter-output>
          </reporter-output>
        </test-method> <!-- setup -->
        <test-method signature="clickOnProfileLoginButtonLoginlableTest()[pri:0, instance:com.crm.qa.test.HomePageTest@13acb0d1]" started-at="2019-07-21T08:36:43Z" name="clickOnProfileLoginButtonLoginlableTest" finished-at="2019-07-21T08:36:48Z" duration-ms="4350" status="PASS">
          <reporter-output>
          </reporter-output>
        </test-method> <!-- clickOnProfileLoginButtonLoginlableTest -->
        <test-method is-config="true" signature="tearDown()[pri:0, instance:com.crm.qa.test.HomePageTest@13acb0d1]" started-at="2019-07-21T08:36:48Z" name="tearDown" finished-at="2019-07-21T08:36:49Z" duration-ms="672" status="PASS">
          <reporter-output>
          </reporter-output>
        </test-method> <!-- tearDown -->
        <test-method is-config="true" signature="setup()[pri:0, instance:com.crm.qa.test.HomePageTest@13acb0d1]" started-at="2019-07-21T08:36:49Z" name="setup" finished-at="2019-07-21T08:37:05Z" duration-ms="16259" status="PASS">
          <reporter-output>
          </reporter-output>
        </test-method> <!-- setup -->
        <test-method signature="verifyLoginPageTitleTest()[pri:1, instance:com.crm.qa.test.HomePageTest@13acb0d1]" started-at="2019-07-21T08:37:05Z" name="verifyLoginPageTitleTest" finished-at="2019-07-21T08:37:05Z" duration-ms="11" status="PASS">
          <reporter-output>
          </reporter-output>
        </test-method> <!-- verifyLoginPageTitleTest -->
        <test-method is-config="true" signature="tearDown()[pri:0, instance:com.crm.qa.test.HomePageTest@13acb0d1]" started-at="2019-07-21T08:37:05Z" name="tearDown" finished-at="2019-07-21T08:37:05Z" duration-ms="656" status="PASS">
          <reporter-output>
          </reporter-output>
        </test-method> <!-- tearDown -->
        <test-method is-config="true" signature="setup()[pri:0, instance:com.crm.qa.test.HomePageTest@13acb0d1]" started-at="2019-07-21T08:37:05Z" name="setup" finished-at="2019-07-21T08:37:22Z" duration-ms="16264" status="PASS">
          <reporter-output>
          </reporter-output>
        </test-method> <!-- setup -->
        <test-method signature="varifyLblTest()[pri:2, instance:com.crm.qa.test.HomePageTest@13acb0d1]" started-at="2019-07-21T08:37:22Z" name="varifyLblTest" finished-at="2019-07-21T08:37:22Z" duration-ms="65" status="PASS">
          <reporter-output>
          </reporter-output>
        </test-method> <!-- varifyLblTest -->
        <test-method is-config="true" signature="tearDown()[pri:0, instance:com.crm.qa.test.HomePageTest@13acb0d1]" started-at="2019-07-21T08:37:22Z" name="tearDown" finished-at="2019-07-21T08:37:22Z" duration-ms="656" status="PASS">
          <reporter-output>
          </reporter-output>
        </test-method> <!-- tearDown -->
      </class> <!-- com.crm.qa.test.HomePageTest -->
    </test> <!-- Default test -->
  </suite> <!-- Default suite -->
</testng-results>
