<?xml version="1.0" encoding="UTF-8"?>
<!-- Generated by org.testng.reporters.JUnitXMLReporter -->
<testsuite ignored="0" hostname="DESKTOP-OEC6AVG" failures="0" tests="3" name="Default test" time="56.783" errors="0" timestamp="21 Jul 2019 08:37:22 GMT">
  <testcase classname="com.crm.qa.test.HomePageTest" name="clickOnProfileLoginButtonLoginlableTest" time="4.35"/>
  <testcase classname="com.crm.qa.test.HomePageTest" name="verifyLoginPageTitleTest" time="0.011"/>
  <testcase classname="com.crm.qa.test.HomePageTest" name="varifyLblTest" time="0.065"/>
</testsuite> <!-- Default test -->
